<?xml version="1.0" encoding="UTF-8"?>
<testsuite name="Simular Api" tests="1" skipped="0" failures="1" errors="0" timestamp="2022-08-07T22:45:45" hostname="QV-4398" time="17.387">
  <properties/>
  <testcase name="Validar servicio de API SIMULADOR" classname="Simular Api" time="17.387">
    <failure message="java.lang.NullPointerException" type="java.lang.NullPointerException">java.lang.NullPointerException
	at net.serenitybdd.screenplay.InstrumentedTask.isInstrumented(InstrumentedTask.java:69)
	at net.serenitybdd.screenplay.Actor.shouldNotReport(Actor.java:189)
	at net.serenitybdd.screenplay.Actor.attemptsTo(Actor.java:172)
	at co.com.segurossura.certification.soat.stepdefinitions.FrontStepDefinition.cuandoLleneLaInformaciónNecesarioParLaSimulación(FrontStepDefinition.java:16)
	at ✽.cuando llene la información necesario par la simulación(file:///C:/Automatizaciones/Proyectos_Automatizacion/ApiVecindarioBDD/src/test/resources/features/front.feature:10)
</failure>
    <failure message="io.cucumber.junit.UndefinedStepException: The step &quot;debería ver un mensaje con exito&quot; is undefined. You can implement it using the snippet(s) below:&#10;&#10;@Entonces(&quot;debería ver un mensaje con exito&quot;)&#10;public void deberíaVerUnMensajeConExito() {&#10;    // Write code here that turns the phrase above into concrete actions&#10;    throw new io.cucumber.java.PendingException();&#10;}" type="io.cucumber.junit.UndefinedStepException">io.cucumber.junit.UndefinedStepException: The step &quot;debería ver un mensaje con exito&quot; is undefined. You can implement it using the snippet(s) below:

@Entonces(&quot;debería ver un mensaje con exito&quot;)
public void deberíaVerUnMensajeConExito() {
    // Write code here that turns the phrase above into concrete actions
    throw new io.cucumber.java.PendingException();
}
</failure>
  </testcase>
  <system-out><![CDATA[Feature from file:///C:/Automatizaciones/Proyectos_Automatizacion/ApiVecindarioBDD/src/test/resources/features/front.feature
]]></system-out>
  <system-err><![CDATA[[Test worker] INFO  - 
 _____ _____ ____ _____   ____ _____  _    ____ _____ _____ ____  
|_   _| ____/ ___|_   _| / ___|_   _|/ \  |  _ \_   _| ____|  _ \ 
  | | |  _| \___ \ | |   \___ \ | | / _ \ | |_) || | |  _| | | | |
  | | | |___ ___) || |    ___) || |/ ___ \|  _ < | | | |___| |_| |
  |_| |_____|____/ |_|   |____/ |_/_/   \_\_| \_\|_| |_____|____/ 

Validar servicio de API SIMULADOR(simular-api;validar-servicio-de-api-simulador)
-------------------------------------------------------------------
[Test worker] INFO  -    * SAM opens the https://app.simula.vecindario.com/preview/vecindario-living
ago 07, 2022 5:45:46 PM org.openqa.selenium.remote.DesiredCapabilities chrome
INFORMACIÓN: Using `new ChromeOptions()` is preferred to `DesiredCapabilities.chrome()`
[Test worker] INFO net.serenitybdd.core.webdriver.driverproviders.ProvideNewDriver - Instantiating driver
[Test worker] INFO net.serenitybdd.core.webdriver.driverproviders.ProvideNewDriver - Driver capabilities: Capabilities {acceptInsecureCerts: false, browserName: chrome, chrome.switches: --disk-cache-dir=null, --di..., goog:chromeOptions: {args: [--disk-cache-dir=null, --disable-popup-blocking, --disable-download-notifica..., --incognito, --start-maximized, --test-type, --ignore-certificate-errors, --allow-running-insecure-co..., --disable-translate, --always-authorize-plugins, --disable-extensions], extensions: []}, loggingPrefs: org.openqa.selenium.logging..., platform: ANY, version: }
Starting ChromeDriver 104.0.5112.79 (3cf3e8c8a07d104b9e1260c910efb8f383285dc5-refs/branch-heads/5112@{#1307}) on port 1711
Only local connections are allowed.
Please see https://chromedriver.chromium.org/security-considerations for suggestions on keeping ChromeDriver safe.
ChromeDriver was started successfully.
ago 07, 2022 5:45:50 PM org.openqa.selenium.remote.ProtocolHandshake createSession
INFORMACIÓN: Detected dialect: W3C
[Test worker] INFO  -    * Dado que el cliente ingrese a simular la compra de su inmueble
[Test worker] INFO  -    * Cuando cuando llene la información necesario par la simulación
[Test worker] INFO  - ?[91mSTEP ERROR: java.lang.NullPointerException?[0m
[Test worker] INFO  -      * Entonces debería ver un mensaje con exito
[Test worker] INFO  - ?[96m      -> STEP IS PENDING?[0m
[Test worker] ERROR  - ?[91m
         __  _____ _____ ____ _____   _____ ____  ____   ___  ____  
 _      / / |_   _| ____/ ___|_   _| | ____|  _ \|  _ \ / _ \|  _ \ 
(_)____| |    | | |  _| \___ \ | |   |  _| | |_) | |_) | | | | |_) |
 |_____| |    | | | |___ ___) || |   | |___|  _ <|  _ <| |_| |  _ < 
(_)    | |    |_| |_____|____/ |_|   |_____|_| \_\_| \_\\___/|_| \_\
        \_\                                                         

Validar servicio de API SIMULADOR
---------------------------------------------------------------------?[0m
[Test worker] ERROR  - ?[91m    Test failed at step: Cuando cuando llene la información necesario par la simulación?[0m
[Test worker] ERROR  - ?[91m    ?[0m
]]></system-err>
</testsuite>
